2025-06-11 11:38:40,450 INFO o.s.t.c.s.AnnotationConfigContextLoaderUtils [Test worker] Could not detect default configuration classes for test class [com.uni.order.OrderApplicationTests]: OrderApplicationTests does not declare any static, non-private, non-final, nested classes annotated with @Configuration.
2025-06-11 11:38:40,595 INFO o.s.b.t.c.SpringBootTestContextBootstrapper [Test worker] Found @SpringBootConfiguration com.uni.order.OrderApplication for test class com.uni.order.OrderApplicationTests
2025-06-11 11:38:41,062 INFO o.s.b.StartupInfoLogger [Test worker] Starting OrderApplicationTests using Java 23.0.1 with PID 37856 (started by f2p in C:\AAnother\PycharmProjects\DASI\DASI\order)
2025-06-11 11:38:41,063 INFO o.s.b.SpringApplication [Test worker] The following 1 profile is active: "test"
2025-06-11 11:38:41,120 DEBUG o.s.c.s.AbstractApplicationContext [Test worker] Refreshing org.springframework.web.context.support.GenericWebApplicationContext@2add4d24
2025-06-11 11:38:41,948 INFO o.s.d.r.c.RepositoryConfigurationDelegate [Test worker] Bootstrapping Spring Data JPA repositories in DEFAULT mode.
2025-06-11 11:38:42,016 INFO o.s.d.r.c.RepositoryConfigurationDelegate [Test worker] Finished Spring Data repository scanning in 59 ms. Found 1 JPA repository interface.
2025-06-11 11:38:42,557 INFO c.z.h.HikariDataSource [Test worker] HikariPool-1 - Starting...
2025-06-11 11:38:42,797 INFO c.z.h.p.HikariPool [Test worker] HikariPool-1 - Added connection conn0: url=jdbc:h2:mem:order_testdb user=SA
2025-06-11 11:38:42,800 INFO c.z.h.HikariDataSource [Test worker] HikariPool-1 - Start completed.
2025-06-11 11:38:42,896 INFO o.f.c.i.l.s.Slf4jLog [Test worker] Flyway Community Edition 9.22.3 by Redgate
2025-06-11 11:38:42,897 INFO o.f.c.i.l.s.Slf4jLog [Test worker] See release notes here: https://rd.gt/416ObMi
2025-06-11 11:38:42,897 INFO o.f.c.i.l.s.Slf4jLog [Test worker] 
2025-06-11 11:38:42,958 INFO o.f.c.i.l.s.Slf4jLog [Test worker] Database: jdbc:h2:mem:order_testdb (H2 2.2)
2025-06-11 11:38:42,965 WARN o.f.c.i.l.s.Slf4jLog [Test worker] Flyway upgrade recommended: H2 2.2.224 is newer than this version of Flyway and support has not been tested. The latest supported version of H2 is 2.2.220.
2025-06-11 11:38:42,991 INFO o.f.c.i.l.s.Slf4jLog [Test worker] Schema history table "PUBLIC"."flyway_schema_history" does not exist yet
2025-06-11 11:38:42,996 INFO o.f.c.i.l.s.Slf4jLog [Test worker] Successfully validated 2 migrations (execution time 00:00.016s)
2025-06-11 11:38:43,005 INFO o.f.c.i.l.s.Slf4jLog [Test worker] Creating Schema History table "PUBLIC"."flyway_schema_history" ...
2025-06-11 11:38:43,030 INFO o.f.c.i.l.s.Slf4jLog [Test worker] Current version of schema "PUBLIC": << Empty Schema >>
2025-06-11 11:38:43,036 INFO o.f.c.i.l.s.Slf4jLog [Test worker] Migrating schema "PUBLIC" to version "000000001 - init tables"
2025-06-11 11:38:43,054 INFO o.f.c.i.l.s.Slf4jLog [Test worker] Migrating schema "PUBLIC" to version "000000002 - init data"
2025-06-11 11:38:43,068 INFO o.f.c.i.l.s.Slf4jLog [Test worker] Successfully applied 2 migrations to schema "PUBLIC", now at version v000000002 (execution time 00:00.013s)
2025-06-11 11:38:43,190 INFO o.h.j.i.u.LogHelper [Test worker] HHH000204: Processing PersistenceUnitInfo [name: default]
2025-06-11 11:38:43,272 INFO o.h.Version [Test worker] HHH000412: Hibernate ORM core version 6.3.1.Final
2025-06-11 11:38:43,325 INFO o.h.c.i.RegionFactoryInitiator [Test worker] HHH000026: Second-level cache disabled
2025-06-11 11:38:43,659 INFO o.s.o.j.p.SpringPersistenceUnitInfo [Test worker] No LoadTimeWeaver setup: ignoring JPA class transformer
2025-06-11 11:38:43,709 WARN o.h.e.j.d.i.DialectFactoryImpl [Test worker] HHH90000025: H2Dialect does not need to be specified explicitly using 'hibernate.dialect' (remove the property setting and it will be selected by default)
2025-06-11 11:38:44,644 INFO o.h.e.t.j.p.i.JtaPlatformInitiator [Test worker] HHH000489: No JTA platform available (set 'hibernate.transaction.jta.platform' to enable JTA platform integration)
2025-06-11 11:38:44,684 INFO o.s.o.j.AbstractEntityManagerFactoryBean [Test worker] Initialized JPA EntityManagerFactory for persistence unit 'default'
2025-06-11 11:38:45,050 INFO o.s.d.j.r.q.QueryEnhancerFactory [Test worker] Hibernate is in classpath; If applicable, HQL parser will be used.
2025-06-11 11:38:45,395 WARN o.s.b.a.o.j.JpaBaseConfiguration$JpaWebConfiguration [Test worker] spring.jpa.open-in-view is enabled by default. Therefore, database queries may be performed during view rendering. Explicitly configure spring.jpa.open-in-view to disable this warning
2025-06-11 11:38:45,420 WARN o.s.b.a.s.s.UserDetailsServiceAutoConfiguration [Test worker] 

Using generated security password: bfffb54b-5cf5-40bf-9ea8-35cf697a4f74

This generated password is for development use only. Your security configuration must be updated before running your application in production.

2025-06-11 11:38:45,656 DEBUG o.s.w.s.h.AbstractHandlerMethodMapping [Test worker] 7 mappings in 'requestMappingHandlerMapping'
2025-06-11 11:38:45,726 DEBUG o.s.w.s.h.SimpleUrlHandlerMapping [Test worker] Patterns [/webjars/**, /**] in 'resourceHandlerMapping'
2025-06-11 11:38:45,772 INFO o.s.s.w.DefaultSecurityFilterChain [Test worker] Will secure any request with [org.springframework.security.web.session.DisableEncodeUrlFilter@1d12eff1, org.springframework.security.web.context.request.async.WebAsyncManagerIntegrationFilter@206a465f, org.springframework.security.web.context.SecurityContextHolderFilter@47d7e8b5, org.springframework.security.web.header.HeaderWriterFilter@33490054, org.springframework.web.filter.CorsFilter@c509742, org.springframework.security.web.authentication.logout.LogoutFilter@3c8c5513, com.uni.order.config.jwt.JwtAuthenticationFilter@77a6aa9f, org.springframework.security.web.savedrequest.RequestCacheAwareFilter@661d49d1, org.springframework.security.web.servletapi.SecurityContextHolderAwareRequestFilter@5f1eff72, org.springframework.security.web.authentication.AnonymousAuthenticationFilter@7d41aefd, org.springframework.security.web.access.ExceptionTranslationFilter@44e19b99, org.springframework.security.web.access.intercept.AuthorizationFilter@4e7e7763]
2025-06-11 11:38:46,010 DEBUG o.s.w.s.m.m.a.RequestMappingHandlerAdapter [Test worker] ControllerAdvice beans: 0 @ModelAttribute, 0 @InitBinder, 1 RequestBodyAdvice, 1 ResponseBodyAdvice
2025-06-11 11:38:46,055 DEBUG o.s.w.s.m.m.a.ExceptionHandlerExceptionResolver [Test worker] ControllerAdvice beans: 1 @ExceptionHandler, 1 ResponseBodyAdvice
2025-06-11 11:38:46,533 INFO o.s.b.StartupInfoLogger [Test worker] Started OrderApplicationTests in 5.743 seconds (process running for 7.394)
2025-06-11 11:38:47,031 DEBUG o.s.c.s.AbstractApplicationContext [SpringApplicationShutdownHook] Closing org.springframework.web.context.support.GenericWebApplicationContext@2add4d24, started on Wed Jun 11 11:38:41 EEST 2025
2025-06-11 11:38:47,042 INFO o.s.o.j.AbstractEntityManagerFactoryBean [SpringApplicationShutdownHook] Closing JPA EntityManagerFactory for persistence unit 'default'
2025-06-11 11:38:47,049 INFO c.z.h.HikariDataSource [SpringApplicationShutdownHook] HikariPool-1 - Shutdown initiated...
2025-06-11 11:38:47,050 INFO c.z.h.HikariDataSource [SpringApplicationShutdownHook] HikariPool-1 - Shutdown completed.
